<?xml version="1.0" encoding="UTF-8"?>
<testsuite name="com.amaap.scrabble.domain.service.ScrabbleWordScorerTest" tests="1" skipped="0" failures="0" errors="0" timestamp="2024-05-09T09:14:51" hostname="DESKTOP-GUO1275" time="0.829">
  <properties/>
  <testcase name="shouldBeAbleToCalculateScoreOfTheWord()" classname="com.amaap.scrabble.domain.service.ScrabbleWordScorerTest" time="0.829"/>
  <system-out><![CDATA[]]></system-out>
  <system-err><![CDATA[]]></system-err>
</testsuite>
