<?xml version="1.0" encoding="UTF-8"?>
<testsuite name="com.amaap.scrabble.validators.test.InputWordValidatorTest" tests="4" skipped="0" failures="0" errors="0" timestamp="2024-03-23T01:37:16" hostname="DESKTOP-GUO1275" time="0.075">
  <properties/>
  <testcase name="shouldAbleToThrowInvalidInputWordExceptionWhenWordContainsAnySpecialSymbolAndDigit()" classname="com.amaap.scrabble.validators.test.InputWordValidatorTest" time="0.047"/>
  <testcase name="shouldAbleToReturnTrueWhenInputWordIsValid()" classname="com.amaap.scrabble.validators.test.InputWordValidatorTest" time="0.008"/>
  <testcase name="shouldAbleToThrowInvalidInputWordExceptionWhenWordIsEmpty()" classname="com.amaap.scrabble.validators.test.InputWordValidatorTest" time="0.003"/>
  <testcase name="shouldAbleToThrowInvalidInputWordExceptionWhenWordIsNull()" classname="com.amaap.scrabble.validators.test.InputWordValidatorTest" time="0.005"/>
  <system-out><![CDATA[]]></system-out>
  <system-err><![CDATA[]]></system-err>
</testsuite>
